<?xml version="1.0" encoding="UTF-8"?>
<!-- Generated by org.testng.reporters.JUnitReportReporter -->
<testsuite skipped="0" hostname="A2ML31980" name="com.mindtree.newtours.pom.ValidLoginForNewTours" tests="1" failures="0" timestamp="10 Dec 2019 09:59:50 GMT" time="23.515" errors="0">
  <testcase name="loginTest" time="23.515" classname="com.mindtree.newtours.pom.ValidLoginForNewTours"/>
</testsuite> <!-- com.mindtree.newtours.pom.ValidLoginForNewTours -->
