<?xml version="1.0" encoding="UTF-8"?>
<!-- Generated by org.testng.reporters.JUnitReportReporter -->
<testsuite skipped="0" hostname="A2ML31980" name="com.mindtree.newtours.pom.InvalidLoginForNewTours" tests="1" failures="0" timestamp="10 Dec 2019 10:11:33 GMT" time="19.221" errors="0">
  <testcase name="loginTest" time="19.221" classname="com.mindtree.newtours.pom.InvalidLoginForNewTours"/>
</testsuite> <!-- com.mindtree.newtours.pom.InvalidLoginForNewTours -->
