<?xml version="1.0" encoding="UTF-8"?>
<!-- Generated by org.testng.reporters.JUnitReportReporter -->
<testsuite skipped="0" hostname="A2ML31980" name="com.mindtree.newtours.pom.RegisterUser" tests="1" failures="0" timestamp="10 Dec 2019 10:12:13 GMT" time="29.685" errors="0">
  <testcase name="registerUser" time="29.685" classname="com.mindtree.newtours.pom.RegisterUser"/>
</testsuite> <!-- com.mindtree.newtours.pom.RegisterUser -->
