<?xml version="1.0" encoding="UTF-8"?>
<!-- Generated by org.testng.reporters.JUnitReportReporter -->
<testsuite skipped="0" hostname="A2ML31980" name="com.mindtree.newtours.pom.NewToursLogin" tests="1" failures="0" timestamp="14 Nov 2019 14:33:27 GMT" time="20.064" errors="0">
  <testcase name="loginTest" time="20.064" classname="com.mindtree.newtours.pom.NewToursLogin"/>
</testsuite> <!-- com.mindtree.newtours.pom.NewToursLogin -->
